<?xml version="1.0" encoding="UTF-8"?>
<testsuite xmlns:xsi="http://www.w3.org/2001/XMLSchema-instance" xsi:noNamespaceSchemaLocation="https://maven.apache.org/surefire/maven-surefire-plugin/xsd/surefire-test-report-3.0.xsd" version="3.0" name="PathIntersectionTest" time="0.054" tests="7" errors="0" skipped="0" failures="0">
  <properties>
[...]
</properties>
  <testcase name="handlesNegative" classname="PathIntersectionTest" time="0.009"/>
  <testcase name="emptyPaths" classname="PathIntersectionTest" time="0.0"/>
  <testcase name="noOverlap" classname="PathIntersectionTest" time="0.0"/>
  <testcase name="singlePointOverlap" classname="PathIntersectionTest" time="0.0"/>
  <testcase name="handlesZero" classname="PathIntersectionTest" time="0.0"/>
  <testcase name="partialOverlap" classname="PathIntersectionTest" time="0.0"/>
  <testcase name="fullOverlap" classname="PathIntersectionTest" time="0.0"/>
</testsuite>